Sat Jan 21 15:29:15 EST 2012
Cannot find pipeline output directory.
Subject is: old_pilots

Sat Jan 21 15:29:15 EST 2012
Cannot find pipeline output directory.
Subject is: onsets

Sat Jan 21 15:30:54 EST 2012
Cannot find pipeline output directory.
Subject is: old_pilots

Sat Jan 21 15:30:54 EST 2012
Cannot find pipeline output directory.
Subject is: onsets

Sat Jan 21 15:31:08 EST 2012
Cannot find pipeline output directory.
Subject is: 400

Sat Jan 21 15:31:08 EST 2012
Cannot find pipeline output directory.
Subject is: old_pilots

Sat Jan 21 15:31:08 EST 2012
Cannot find pipeline output directory.
Subject is: onsets

Wed Jan 25 13:21:32 EST 2012
Cannot find pipeline output directory.
Subject is: 400

Wed Jan 25 13:21:32 EST 2012
Cannot find pipeline output directory.
Subject is: old_pilots

Wed Jan 25 13:21:32 EST 2012
Cannot find pipeline output directory.
Subject is: onsets

Sat Mar 10 20:36:40 EST 2012
Cannot find pipeline output directory.
Subject is: 400

Sat Mar 10 20:36:41 EST 2012
Cannot find pipeline output directory.
Subject is: ArchiTract

Sat Mar 10 20:36:41 EST 2012
Cannot find pipeline output directory.
Subject is: logs

Sat Mar 10 20:36:41 EST 2012
Cannot find pipeline output directory.
Subject is: old_pilots

Sat Mar 10 20:36:41 EST 2012
Cannot find pipeline output directory.
Subject is: onsets

Sat Mar 10 20:36:41 EST 2012
Cannot find pipeline output directory.
Subject is: test

Sat Mar 10 20:38:45 EST 2012
Cannot find pipeline output directory.
Subject is: ArchiTract

Sat Mar 10 20:38:45 EST 2012
Cannot find pipeline output directory.
Subject is: logs

Sat Mar 10 20:38:45 EST 2012
Cannot find pipeline output directory.
Subject is: old_pilots

Sat Mar 10 20:38:45 EST 2012
Cannot find pipeline output directory.
Subject is: onsets

Sat Mar 10 20:38:45 EST 2012
Cannot find pipeline output directory.
Subject is: test

Tue Mar 13 14:21:37 EDT 2012
Cannot find pipeline output directory.
Subject is: ArchiTract

Tue Mar 13 14:21:38 EDT 2012
Cannot find pipeline output directory.
Subject is: logs

Tue Mar 13 14:21:38 EDT 2012
Cannot find pipeline output directory.
Subject is: old_pilots

Tue Mar 13 14:21:38 EDT 2012
Cannot find pipeline output directory.
Subject is: onsets

Tue Mar 13 14:21:38 EDT 2012
Cannot find pipeline output directory.
Subject is: test

Tue Mar 13 14:22:21 EDT 2012
Cannot find pipeline output directory.
Subject is: 400

Tue Mar 13 14:22:21 EDT 2012
Cannot find pipeline output directory.
Subject is: ArchiTract

Tue Mar 13 14:22:21 EDT 2012
Cannot find pipeline output directory.
Subject is: logs

Tue Mar 13 14:22:21 EDT 2012
Cannot find pipeline output directory.
Subject is: old_pilots

Tue Mar 13 14:22:21 EDT 2012
Cannot find pipeline output directory.
Subject is: onsets

Tue Mar 13 14:22:21 EDT 2012
Cannot find pipeline output directory.
Subject is: test

